09_03_2025 11:25:32 AM -(conftest.py:121)- [INFO] Testcase.....test_valid_createUser[case0].....Start now ..........................................................
09_03_2025 11:25:35 AM -(base_page.py:31)- [INFO] Loaded elements from: D:\Playwright_Python_Framework\elements\facebookcreateuser_page.json
09_03_2025 11:25:37 AM -(base_page.py:76)- [INFO] Waiting for element 'createUserbutton' to be visible
09_03_2025 11:25:37 AM -(base_page.py:82)- [INFO] Waiting for element 'createUserbutton' to be clickable
09_03_2025 11:25:37 AM -(base_page.py:90)- [INFO] Clicking on 'createUserbutton'
09_03_2025 11:25:38 AM -(base_page.py:76)- [INFO] Waiting for element 'firstname' to be visible
09_03_2025 11:25:38 AM -(base_page.py:82)- [INFO] Waiting for element 'firstname' to be clickable
09_03_2025 11:25:38 AM -(base_page.py:90)- [INFO] Clicking on 'firstname'
09_03_2025 11:25:38 AM -(base_page.py:76)- [INFO] Waiting for element 'firstname' to be visible
09_03_2025 11:25:38 AM -(base_page.py:97)- [INFO] Entering text 'admin' in 'firstname'
09_03_2025 11:25:38 AM -(base_page.py:76)- [INFO] Waiting for element 'lastname' to be visible
09_03_2025 11:25:38 AM -(base_page.py:82)- [INFO] Waiting for element 'lastname' to be clickable
09_03_2025 11:25:38 AM -(base_page.py:90)- [INFO] Clicking on 'lastname'
09_03_2025 11:25:39 AM -(base_page.py:76)- [INFO] Waiting for element 'lastname' to be visible
09_03_2025 11:25:40 AM -(base_page.py:97)- [INFO] Entering text 'admin123' in 'lastname'
09_03_2025 11:25:40 AM -(base_page.py:76)- [INFO] Waiting for element 'day' to be visible
09_03_2025 11:25:40 AM -(base_page.py:104)- [INFO] Selecting '20' from 'day'
09_03_2025 11:25:40 AM -(base_page.py:76)- [INFO] Waiting for element 'month' to be visible
09_03_2025 11:25:40 AM -(base_page.py:104)- [INFO] Selecting '8' from 'month'
09_03_2025 11:25:40 AM -(base_page.py:76)- [INFO] Waiting for element 'year' to be visible
09_03_2025 11:25:40 AM -(base_page.py:104)- [INFO] Selecting '1990' from 'year'
09_03_2025 11:25:41 AM -(base_page.py:76)- [INFO] Waiting for element 'female' to be visible
09_03_2025 11:25:41 AM -(base_page.py:82)- [INFO] Waiting for element 'female' to be clickable
09_03_2025 11:25:41 AM -(base_page.py:90)- [INFO] Clicking on 'female'
09_03_2025 11:25:41 AM -(base_page.py:76)- [INFO] Waiting for element 'mobile' to be visible
09_03_2025 11:25:41 AM -(base_page.py:82)- [INFO] Waiting for element 'mobile' to be clickable
09_03_2025 11:25:41 AM -(base_page.py:90)- [INFO] Clicking on 'mobile'
09_03_2025 11:25:41 AM -(base_page.py:76)- [INFO] Waiting for element 'mobile' to be visible
09_03_2025 11:25:41 AM -(base_page.py:97)- [INFO] Entering text '9876543210' in 'mobile'
09_03_2025 11:25:41 AM -(base_page.py:76)- [INFO] Waiting for element 'Newpassword' to be visible
09_03_2025 11:25:41 AM -(base_page.py:82)- [INFO] Waiting for element 'Newpassword' to be clickable
09_03_2025 11:25:41 AM -(base_page.py:90)- [INFO] Clicking on 'Newpassword'
09_03_2025 11:25:41 AM -(base_page.py:76)- [INFO] Waiting for element 'Newpassword' to be visible
09_03_2025 11:25:41 AM -(base_page.py:97)- [INFO] Entering text 'admin123' in 'Newpassword'
09_03_2025 11:25:46 AM -(base_page.py:76)- [INFO] Waiting for element 'signUpButton' to be visible
09_03_2025 11:25:46 AM -(base_page.py:82)- [INFO] Waiting for element 'signUpButton' to be clickable
09_03_2025 11:25:46 AM -(base_page.py:90)- [INFO] Clicking on 'signUpButton'
09_03_2025 11:25:46 AM -(conftest.py:124)- [INFO] Testcase.....test_valid_createUser[case0].....End now ............................................................
09_03_2025 11:25:47 AM -(conftest.py:121)- [INFO] Testcase.....test_invalid_createUser[case0].....Start now ..........................................................
09_03_2025 11:25:47 AM -(base_page.py:31)- [INFO] Loaded elements from: D:\Playwright_Python_Framework\elements\facebookcreateuser_page.json
09_03_2025 11:25:50 AM -(base_page.py:76)- [INFO] Waiting for element 'createUserbutton' to be visible
09_03_2025 11:25:50 AM -(base_page.py:82)- [INFO] Waiting for element 'createUserbutton' to be clickable
09_03_2025 11:25:50 AM -(base_page.py:90)- [INFO] Clicking on 'createUserbutton'
09_03_2025 11:25:50 AM -(base_page.py:76)- [INFO] Waiting for element 'firstname' to be visible
09_03_2025 11:25:52 AM -(base_page.py:82)- [INFO] Waiting for element 'firstname' to be clickable
09_03_2025 11:25:52 AM -(base_page.py:90)- [INFO] Clicking on 'firstname'
09_03_2025 11:25:52 AM -(base_page.py:76)- [INFO] Waiting for element 'firstname' to be visible
09_03_2025 11:25:52 AM -(base_page.py:97)- [INFO] Entering text 'Mary' in 'firstname'
09_03_2025 11:25:52 AM -(base_page.py:76)- [INFO] Waiting for element 'lastname' to be visible
09_03_2025 11:25:52 AM -(base_page.py:82)- [INFO] Waiting for element 'lastname' to be clickable
09_03_2025 11:25:52 AM -(base_page.py:90)- [INFO] Clicking on 'lastname'
09_03_2025 11:25:53 AM -(base_page.py:76)- [INFO] Waiting for element 'lastname' to be visible
09_03_2025 11:25:53 AM -(base_page.py:97)- [INFO] Entering text 'James' in 'lastname'
09_03_2025 11:25:53 AM -(base_page.py:76)- [INFO] Waiting for element 'day' to be visible
09_03_2025 11:25:53 AM -(base_page.py:104)- [INFO] Selecting '20' from 'day'
09_03_2025 11:25:53 AM -(base_page.py:76)- [INFO] Waiting for element 'month' to be visible
09_03_2025 11:25:53 AM -(base_page.py:104)- [INFO] Selecting '8' from 'month'
09_03_2025 11:25:53 AM -(base_page.py:76)- [INFO] Waiting for element 'year' to be visible
09_03_2025 11:25:53 AM -(base_page.py:104)- [INFO] Selecting '1990' from 'year'
09_03_2025 11:25:53 AM -(base_page.py:76)- [INFO] Waiting for element 'female' to be visible
09_03_2025 11:25:53 AM -(base_page.py:82)- [INFO] Waiting for element 'female' to be clickable
09_03_2025 11:25:53 AM -(base_page.py:90)- [INFO] Clicking on 'female'
09_03_2025 11:25:53 AM -(base_page.py:76)- [INFO] Waiting for element 'mobile' to be visible
09_03_2025 11:25:53 AM -(base_page.py:82)- [INFO] Waiting for element 'mobile' to be clickable
09_03_2025 11:25:53 AM -(base_page.py:90)- [INFO] Clicking on 'mobile'
09_03_2025 11:25:53 AM -(base_page.py:76)- [INFO] Waiting for element 'mobile' to be visible
09_03_2025 11:25:53 AM -(base_page.py:97)- [INFO] Entering text '5454636101' in 'mobile'
09_03_2025 11:25:53 AM -(base_page.py:76)- [INFO] Waiting for element 'Newpassword' to be visible
09_03_2025 11:25:53 AM -(base_page.py:82)- [INFO] Waiting for element 'Newpassword' to be clickable
09_03_2025 11:25:53 AM -(base_page.py:90)- [INFO] Clicking on 'Newpassword'
09_03_2025 11:25:54 AM -(base_page.py:76)- [INFO] Waiting for element 'Newpassword' to be visible
09_03_2025 11:25:54 AM -(base_page.py:97)- [INFO] Entering text 'admin123' in 'Newpassword'
09_03_2025 11:25:59 AM -(base_page.py:76)- [INFO] Waiting for element 'signUpButton' to be visible
09_03_2025 11:25:59 AM -(base_page.py:82)- [INFO] Waiting for element 'signUpButton' to be clickable
09_03_2025 11:25:59 AM -(base_page.py:90)- [INFO] Clicking on 'signUpButton'
09_03_2025 11:25:59 AM -(conftest.py:124)- [INFO] Testcase.....test_invalid_createUser[case0].....End now ............................................................
09_03_2025 11:25:59 AM -(conftest.py:121)- [INFO] Testcase.....test_valid_login[case0].....Start now ..........................................................
09_03_2025 11:25:59 AM -(base_page.py:31)- [INFO] Loaded elements from: D:\Playwright_Python_Framework\elements\facebooklogin_page.json
09_03_2025 11:26:01 AM -(base_page.py:76)- [INFO] Waiting for element 'email' to be visible
09_03_2025 11:26:01 AM -(base_page.py:97)- [INFO] Entering text 'admin' in 'email'
09_03_2025 11:26:01 AM -(base_page.py:76)- [INFO] Waiting for element 'password' to be visible
09_03_2025 11:26:01 AM -(base_page.py:97)- [INFO] Entering text 'admin123' in 'password'
09_03_2025 11:26:01 AM -(base_page.py:76)- [INFO] Waiting for element 'loginButton' to be visible
09_03_2025 11:26:01 AM -(base_page.py:82)- [INFO] Waiting for element 'loginButton' to be clickable
09_03_2025 11:26:01 AM -(base_page.py:90)- [INFO] Clicking on 'loginButton'
09_03_2025 11:26:06 AM -(conftest.py:124)- [INFO] Testcase.....test_valid_login[case0].....End now ............................................................
09_03_2025 11:26:06 AM -(conftest.py:121)- [INFO] Testcase.....test_Invalid_login[case0].....Start now ..........................................................
09_03_2025 11:26:08 AM -(base_page.py:31)- [INFO] Loaded elements from: D:\Playwright_Python_Framework\elements\facebooklogin_page.json
09_03_2025 11:26:11 AM -(base_page.py:76)- [INFO] Waiting for element 'email' to be visible
09_03_2025 11:26:11 AM -(base_page.py:97)- [INFO] Entering text 'ashley55@example.com' in 'email'
09_03_2025 11:26:11 AM -(base_page.py:76)- [INFO] Waiting for element 'password' to be visible
09_03_2025 11:26:11 AM -(base_page.py:97)- [INFO] Entering text 'W7uEi3oe$3' in 'password'
09_03_2025 11:26:11 AM -(base_page.py:76)- [INFO] Waiting for element 'loginButton' to be visible
09_03_2025 11:26:11 AM -(base_page.py:82)- [INFO] Waiting for element 'loginButton' to be clickable
09_03_2025 11:26:11 AM -(base_page.py:90)- [INFO] Clicking on 'loginButton'
09_03_2025 11:26:16 AM -(conftest.py:124)- [INFO] Testcase.....test_Invalid_login[case0].....End now ............................................................
09_03_2025 11:26:17 AM -(conftest.py:121)- [INFO] Testcase.....test_Invalid_login[case1].....Start now ..........................................................
09_03_2025 11:26:19 AM -(base_page.py:31)- [INFO] Loaded elements from: D:\Playwright_Python_Framework\elements\facebooklogin_page.json
09_03_2025 11:26:20 AM -(base_page.py:76)- [INFO] Waiting for element 'email' to be visible
09_03_2025 11:26:20 AM -(base_page.py:97)- [INFO] Entering text 'kimberlygould@example.org' in 'email'
09_03_2025 11:26:20 AM -(base_page.py:76)- [INFO] Waiting for element 'password' to be visible
09_03_2025 11:26:20 AM -(base_page.py:97)- [INFO] Entering text '*baE5S0ZV9' in 'password'
09_03_2025 11:26:20 AM -(base_page.py:76)- [INFO] Waiting for element 'loginButton' to be visible
09_03_2025 11:26:20 AM -(base_page.py:82)- [INFO] Waiting for element 'loginButton' to be clickable
09_03_2025 11:26:20 AM -(base_page.py:90)- [INFO] Clicking on 'loginButton'
09_03_2025 11:26:25 AM -(conftest.py:124)- [INFO] Testcase.....test_Invalid_login[case1].....End now ............................................................
