23_04_2025 12:58:00 AM -(conftest.py:124)- [INFO] Testcase.....test_valid_createUser[case0].....Start now ..........................................................
23_04_2025 12:58:16 AM -(base_page.py:30)- [INFO] Loaded elements from: C:\Users\Dipankar\PycharmProjects\Playwright_Python_Framework\elements\facebookcreateuser_page.json
23_04_2025 12:58:20 AM -(base_page.py:75)- [INFO] Waiting for element 'createUserbutton' to be visible
23_04_2025 12:58:20 AM -(base_page.py:81)- [INFO] Waiting for element 'createUserbutton' to be clickable
23_04_2025 12:58:20 AM -(base_page.py:89)- [INFO] Clicking on 'createUserbutton'
23_04_2025 12:58:21 AM -(base_page.py:75)- [INFO] Waiting for element 'firstname' to be visible
23_04_2025 12:58:31 AM -(conftest.py:127)- [INFO] Testcase.....test_valid_createUser[case0].....End now ............................................................
23_04_2025 12:58:31 AM -(conftest.py:124)- [INFO] Testcase.....test_invalid_createUser[case0].....Start now ..........................................................
23_04_2025 12:58:36 AM -(base_page.py:30)- [INFO] Loaded elements from: C:\Users\Dipankar\PycharmProjects\Playwright_Python_Framework\elements\facebookcreateuser_page.json
23_04_2025 12:58:38 AM -(base_page.py:75)- [INFO] Waiting for element 'createUserbutton' to be visible
23_04_2025 12:58:38 AM -(base_page.py:81)- [INFO] Waiting for element 'createUserbutton' to be clickable
23_04_2025 12:58:38 AM -(base_page.py:89)- [INFO] Clicking on 'createUserbutton'
23_04_2025 12:58:39 AM -(base_page.py:75)- [INFO] Waiting for element 'firstname' to be visible
23_04_2025 12:58:49 AM -(conftest.py:127)- [INFO] Testcase.....test_invalid_createUser[case0].....End now ............................................................
23_04_2025 12:58:49 AM -(conftest.py:124)- [INFO] Testcase.....test_valid_login[case0].....Start now ..........................................................
23_04_2025 12:58:54 AM -(base_page.py:30)- [INFO] Loaded elements from: C:\Users\Dipankar\PycharmProjects\Playwright_Python_Framework\elements\facebooklogin_page.json
23_04_2025 12:58:55 AM -(base_page.py:75)- [INFO] Waiting for element 'email' to be visible
23_04_2025 12:58:56 AM -(base_page.py:96)- [INFO] Entering text 'admin' in 'email'
23_04_2025 12:58:56 AM -(base_page.py:75)- [INFO] Waiting for element 'password' to be visible
23_04_2025 12:58:56 AM -(base_page.py:96)- [INFO] Entering text 'admin123' in 'password'
23_04_2025 12:58:56 AM -(base_page.py:75)- [INFO] Waiting for element 'loginButton' to be visible
23_04_2025 12:58:56 AM -(base_page.py:81)- [INFO] Waiting for element 'loginButton' to be clickable
23_04_2025 12:58:56 AM -(base_page.py:89)- [INFO] Clicking on 'loginButton'
23_04_2025 12:59:01 AM -(conftest.py:127)- [INFO] Testcase.....test_valid_login[case0].....End now ............................................................
23_04_2025 12:59:01 AM -(conftest.py:124)- [INFO] Testcase.....test_Invalid_login[case0].....Start now ..........................................................
23_04_2025 12:59:04 AM -(base_page.py:30)- [INFO] Loaded elements from: C:\Users\Dipankar\PycharmProjects\Playwright_Python_Framework\elements\facebooklogin_page.json
23_04_2025 12:59:06 AM -(base_page.py:75)- [INFO] Waiting for element 'email' to be visible
23_04_2025 12:59:06 AM -(base_page.py:96)- [INFO] Entering text 'ywhitehead@example.net' in 'email'
23_04_2025 12:59:06 AM -(base_page.py:75)- [INFO] Waiting for element 'password' to be visible
23_04_2025 12:59:06 AM -(base_page.py:96)- [INFO] Entering text 'gM30Bs5w)(' in 'password'
23_04_2025 12:59:06 AM -(base_page.py:75)- [INFO] Waiting for element 'loginButton' to be visible
23_04_2025 12:59:06 AM -(base_page.py:81)- [INFO] Waiting for element 'loginButton' to be clickable
23_04_2025 12:59:06 AM -(base_page.py:89)- [INFO] Clicking on 'loginButton'
23_04_2025 12:59:11 AM -(conftest.py:127)- [INFO] Testcase.....test_Invalid_login[case0].....End now ............................................................
23_04_2025 12:59:11 AM -(conftest.py:124)- [INFO] Testcase.....test_Invalid_login[case1].....Start now ..........................................................
23_04_2025 12:59:15 AM -(base_page.py:30)- [INFO] Loaded elements from: C:\Users\Dipankar\PycharmProjects\Playwright_Python_Framework\elements\facebooklogin_page.json
23_04_2025 12:59:16 AM -(base_page.py:75)- [INFO] Waiting for element 'email' to be visible
23_04_2025 12:59:16 AM -(base_page.py:96)- [INFO] Entering text 'jessica67@example.com' in 'email'
23_04_2025 12:59:16 AM -(base_page.py:75)- [INFO] Waiting for element 'password' to be visible
23_04_2025 12:59:17 AM -(base_page.py:96)- [INFO] Entering text '@EvU_ah(a3' in 'password'
23_04_2025 12:59:17 AM -(base_page.py:75)- [INFO] Waiting for element 'loginButton' to be visible
23_04_2025 12:59:17 AM -(base_page.py:81)- [INFO] Waiting for element 'loginButton' to be clickable
23_04_2025 12:59:17 AM -(base_page.py:89)- [INFO] Clicking on 'loginButton'
23_04_2025 12:59:22 AM -(conftest.py:127)- [INFO] Testcase.....test_Invalid_login[case1].....End now ............................................................
